  BielParkP3.cpp
  GLM: GLM_MESSAGES is deprecated, use GLM_FORCE_MESSAGES instead
  GLM: Windows platform detected
  GLM: version 0.9.8.5
  GLM: Visual C++ compiler detected
  GLM: 32 bits model
  GLM: Platform independent code
  GLM: C++0x
  GLM: Language extensions enabled
  GLM: Swizzling operators disabled, #define GLM_SWIZZLE to enable swizzle operators
  GLM: Depth clip space: negative one to one
  GLM: Coordinate system: right handed
  GLM: .length() returns glm::length_t, a typedef of int following the GLSL specification
  GLM: Core library included
  GLM: GLM_GTC_constants extension included
  GLM: GLM_GTC_matrix_transform extension included
  GLM: GLM_GTC_quaternion extension included
  GLM: GLM_GTC_type_ptr extension included
c:\users\golem\desktop\cpp\bielparkp3\bielparkp3.cpp(1073): warning C4473: 'printf': 서식 문자열에 대한 인수가 충분하게 전달되지 않았습니다.
  c:\users\golem\desktop\cpp\bielparkp3\bielparkp3.cpp(1073): note: 자리 표시자 및 해당 매개 변수에는 variadic 인수가 1개 필요하지만 0개가 제공되었습니다.
  c:\users\golem\desktop\cpp\bielparkp3\bielparkp3.cpp(1073): note: 누락된 variadic 인수 1이(가) 서식 문자열 '%s'에 필요합니다.
  BielParkP3.vcxproj -> C:\Users\golem\Desktop\cpp\BielParkP3\Debug\BielParkP3.exe
